<?xml version="1.0" encoding="UTF-8"?>
<!-- Generated by org.testng.reporters.JUnitXMLReporter -->
<testsuite ignored="0" hostname="KRISH" failures="0" tests="11" name="Test" time="48.79" errors="0" timestamp="2022-12-29T20:46:12 IST">
  <testcase classname="Test.Automation.Alert_DAD" name="URL_nav" time="2.584"/>
  <testcase classname="Test.Automation.Alert_DAD" name="DragAndDrop" time="5.037"/>
  <testcase classname="Test.Automation.Alert_DAD" name="Alert" time="2.512"/>
  <testcase classname="Test.Automation.Alert_DAD" name="fakeEvents" time="2.279"/>
  <testcase classname="Test.Automation.Events" name="Event" time="1.191"/>
  <testcase classname="Test.Automation.Events" name="Operation" time="13.252"/>
  <testcase classname="Test.Automation.Frames" name="iframes" time="5.107"/>
  <testcase classname="Test.Automation.Frames" name="frames2" time="6.864"/>
  <testcase classname="Test.Automation.tableTags" name="tableTag" time="0.737"/>
  <testcase classname="Test.Automation.tableTags" name="tablesData" time="0.449"/>
  <testcase classname="Test.Automation.tableTags" name="dynamicTable" time="1.97"/>
</testsuite> <!-- Test -->
