<?xml version="1.0" encoding="UTF-8"?>
<!-- Generated by org.testng.reporters.JUnitXMLReporter -->
<testsuite ignored="0" hostname="KRISH" failures="0" tests="4" name="Default test" time="12.712" errors="0" timestamp="2022-12-29T20:43:52 IST">
  <testcase classname="Test.Automation.tableTags" name="URL_nav" time="1.381"/>
  <testcase classname="Test.Automation.tableTags" name="tableTag" time="1.92"/>
  <testcase classname="Test.Automation.tableTags" name="tablesData" time="0.745"/>
  <testcase classname="Test.Automation.tableTags" name="dynamicTable" time="2.461"/>
</testsuite> <!-- Default test -->
