<?xml version="1.0" encoding="UTF-8"?>
<testng-results ignored="0" total="11" passed="11" failed="0" skipped="0">
  <reporter-output>
  </reporter-output>
  <suite started-at="2022-12-29T20:45:23 IST" name="Suite" finished-at="2022-12-29T20:46:12 IST" duration-ms="48790">
    <groups>
    </groups>
    <test started-at="2022-12-29T20:45:23 IST" name="Test" finished-at="2022-12-29T20:46:12 IST" duration-ms="48790">
      <class name="Test.Automation.tableTags">
        <test-method is-config="true" signature="bt()[pri:0, instance:Test.Automation.tableTags@5552768b]" started-at="2022-12-29T20:45:23 IST" name="bt" finished-at="2022-12-29T20:45:23 IST" duration-ms="0" status="PASS">
          <reporter-output>
          </reporter-output>
        </test-method> <!-- bt -->
        <test-method signature="tableTag()[pri:1, instance:Test.Automation.tableTags@5552768b]" started-at="2022-12-29T20:46:07 IST" name="tableTag" finished-at="2022-12-29T20:46:08 IST" duration-ms="737" status="PASS">
          <reporter-output>
          </reporter-output>
        </test-method> <!-- tableTag -->
        <test-method signature="tablesData()[pri:2, instance:Test.Automation.tableTags@5552768b]" started-at="2022-12-29T20:46:08 IST" name="tablesData" finished-at="2022-12-29T20:46:08 IST" duration-ms="449" status="PASS">
          <reporter-output>
          </reporter-output>
        </test-method> <!-- tablesData -->
        <test-method signature="dynamicTable()[pri:3, instance:Test.Automation.tableTags@5552768b]" started-at="2022-12-29T20:46:08 IST" name="dynamicTable" finished-at="2022-12-29T20:46:10 IST" duration-ms="1970" status="PASS">
          <reporter-output>
          </reporter-output>
        </test-method> <!-- dynamicTable -->
        <test-method is-config="true" signature="Close()[pri:0, instance:Test.Automation.tableTags@5552768b]" started-at="2022-12-29T20:46:10 IST" name="Close" finished-at="2022-12-29T20:46:11 IST" duration-ms="588" status="PASS">
          <reporter-output>
          </reporter-output>
        </test-method> <!-- Close -->
        <test-method is-config="true" signature="af()[pri:0, instance:Test.Automation.tableTags@5552768b]" started-at="2022-12-29T20:46:12 IST" name="af" finished-at="2022-12-29T20:46:12 IST" duration-ms="94" status="PASS">
          <reporter-output>
          </reporter-output>
        </test-method> <!-- af -->
      </class> <!-- Test.Automation.tableTags -->
      <class name="Test.Automation.Frames">
        <test-method is-config="true" signature="bt()[pri:0, instance:Test.Automation.Frames@671a5887]" started-at="2022-12-29T20:45:23 IST" name="bt" finished-at="2022-12-29T20:45:23 IST" duration-ms="0" status="PASS">
          <reporter-output>
          </reporter-output>
        </test-method> <!-- bt -->
        <test-method signature="iframes()[pri:1, instance:Test.Automation.Frames@671a5887]" started-at="2022-12-29T20:45:55 IST" name="iframes" finished-at="2022-12-29T20:46:00 IST" duration-ms="5107" status="PASS">
          <reporter-output>
          </reporter-output>
        </test-method> <!-- iframes -->
        <test-method signature="frames2()[pri:2, instance:Test.Automation.Frames@671a5887]" started-at="2022-12-29T20:46:00 IST" name="frames2" finished-at="2022-12-29T20:46:07 IST" duration-ms="6864" status="PASS">
          <reporter-output>
          </reporter-output>
        </test-method> <!-- frames2 -->
        <test-method is-config="true" signature="af()[pri:0, instance:Test.Automation.Frames@671a5887]" started-at="2022-12-29T20:46:12 IST" name="af" finished-at="2022-12-29T20:46:12 IST" duration-ms="172" status="PASS">
          <reporter-output>
          </reporter-output>
        </test-method> <!-- af -->
      </class> <!-- Test.Automation.Frames -->
      <class name="Test.Automation.Events">
        <test-method is-config="true" signature="bt()[pri:0, instance:Test.Automation.Events@87a85e1]" started-at="2022-12-29T20:45:23 IST" name="bt" finished-at="2022-12-29T20:45:23 IST" duration-ms="1" status="PASS">
          <reporter-output>
          </reporter-output>
        </test-method> <!-- bt -->
        <test-method signature="Event()[pri:0, instance:Test.Automation.Events@87a85e1]" started-at="2022-12-29T20:45:41 IST" name="Event" finished-at="2022-12-29T20:45:42 IST" duration-ms="1191" status="PASS">
          <reporter-output>
          </reporter-output>
        </test-method> <!-- Event -->
        <test-method signature="Operation()[pri:1, instance:Test.Automation.Events@87a85e1]" started-at="2022-12-29T20:45:42 IST" name="Operation" finished-at="2022-12-29T20:45:55 IST" duration-ms="13252" status="PASS">
          <reporter-output>
          </reporter-output>
        </test-method> <!-- Operation -->
        <test-method is-config="true" signature="af()[pri:0, instance:Test.Automation.Events@87a85e1]" started-at="2022-12-29T20:46:11 IST" name="af" finished-at="2022-12-29T20:46:12 IST" duration-ms="219" status="PASS">
          <reporter-output>
          </reporter-output>
        </test-method> <!-- af -->
      </class> <!-- Test.Automation.Events -->
      <class name="Test.Automation.Alert_DAD">
        <test-method is-config="true" signature="bt()[pri:0, instance:Test.Automation.Alert_DAD@157853da]" started-at="2022-12-29T20:45:23 IST" name="bt" finished-at="2022-12-29T20:45:23 IST" duration-ms="339" status="PASS">
          <reporter-output>
          </reporter-output>
        </test-method> <!-- bt -->
        <test-method is-config="true" signature="beforeClass()[pri:0, instance:Test.Automation.Alert_DAD@157853da]" started-at="2022-12-29T20:45:24 IST" name="beforeClass" finished-at="2022-12-29T20:45:28 IST" duration-ms="4522" status="PASS">
          <reporter-output>
          </reporter-output>
        </test-method> <!-- beforeClass -->
        <test-method signature="URL_nav()[pri:0, instance:Test.Automation.Alert_DAD@157853da]" started-at="2022-12-29T20:45:28 IST" name="URL_nav" finished-at="2022-12-29T20:45:31 IST" duration-ms="2584" status="PASS">
          <reporter-output>
          </reporter-output>
        </test-method> <!-- URL_nav -->
        <test-method signature="DragAndDrop()[pri:1, instance:Test.Automation.Alert_DAD@157853da]" started-at="2022-12-29T20:45:31 IST" name="DragAndDrop" finished-at="2022-12-29T20:45:36 IST" duration-ms="5037" status="PASS">
          <reporter-output>
          </reporter-output>
        </test-method> <!-- DragAndDrop -->
        <test-method signature="Alert()[pri:2, instance:Test.Automation.Alert_DAD@157853da]" started-at="2022-12-29T20:45:36 IST" name="Alert" finished-at="2022-12-29T20:45:38 IST" duration-ms="2512" status="PASS">
          <reporter-output>
          </reporter-output>
        </test-method> <!-- Alert -->
        <test-method signature="fakeEvents()[pri:3, instance:Test.Automation.Alert_DAD@157853da]" started-at="2022-12-29T20:45:38 IST" name="fakeEvents" finished-at="2022-12-29T20:45:41 IST" duration-ms="2279" status="PASS">
          <reporter-output>
          </reporter-output>
        </test-method> <!-- fakeEvents -->
        <test-method is-config="true" signature="af()[pri:0, instance:Test.Automation.Alert_DAD@157853da]" started-at="2022-12-29T20:46:11 IST" name="af" finished-at="2022-12-29T20:46:11 IST" duration-ms="657" status="PASS">
          <reporter-output>
          </reporter-output>
        </test-method> <!-- af -->
      </class> <!-- Test.Automation.Alert_DAD -->
    </test> <!-- Test -->
  </suite> <!-- Suite -->
</testng-results>
